#
# A fatal error has been detected by the Java Runtime Environment:
#
#  EXCEPTION_ACCESS_VIOLATION (0xc0000005) at pc=0x000000006dac49d0, pid=3824, tid=3856
#
# JRE version: 6.0_24-b07
# Java VM: Java HotSpot(TM) 64-Bit Server VM (19.1-b02 mixed mode windows-amd64 compressed oops)
# Problematic frame:
# V  [jvm.dll+0x2349d0]
#
# If you would like to submit a bug report, please visit:
#   http://java.sun.com/webapps/bugreport/crash.jsp
#

---------------  T H R E A D  ---------------

Current thread (0x0000000006579800):  JavaThread "JDWP Transport Listener: dt_shmem" daemon [_thread_in_vm, id=3856, stack(0x0000000006920000,0x0000000006a20000)]

siginfo: ExceptionCode=0xc0000005, reading address 0x0000000000000008

Registers:
RAX=0x0000000000000014, RBX=0x0000000006579800, RCX=0x00000000eb4bc288, RDX=0x00000000eb4bc288
RSP=0x0000000006a1f9d0, RBP=0x000000000657ece0, RSI=0x0000000000000000, RDI=0x00000000072d1698
R8=0x0000000000000000, R9=0x0000000000000000, R10=0x0000000000000000, R11=0x0000000000000001
R12=0x0000000006570270, R13=0x0000000000000000, R14=0x0000000000000000, R15=0x0000000006570280
RIP=0x000000006dac49d0, EFLAGS=0x0000000000010202

Register to memory mapping:

RAX=0x0000000000000014
0x0000000000000014 is pointing to unknown location

RBX=0x0000000006579800
"JDWP Transport Listener: dt_shmem" daemon prio=6 tid=0x0000000006579800 nid=0xf10 runnable [0x0000000000000000]
   java.lang.Thread.State: RUNNABLE

RCX=0x00000000eb4bc288

[error occurred during error reporting (printing registers, top of stack, instructions near pc), id 0xe0000000]

Stack: [0x0000000006920000,0x0000000006a20000],  sp=0x0000000006a1f9d0,  free space=1022k
Native frames: (J=compiled Java code, j=interpreted, Vv=VM code, C=native code)
V  [jvm.dll+0x2349d0]


---------------  P R O C E S S  ---------------

Java Threads: ( => current thread )
  0x000000000670b800 JavaThread "D3D Screen Updater" daemon [_thread_blocked, id=5960, stack(0x000000000b2f0000,0x000000000b3f0000)]
  0x000000000670b000 JavaThread "org.netbeans.modules.debugger.jpda.visual AWT Access Loop" daemon [_thread_blocked, id=4840, stack(0x0000000009340000,0x0000000009440000)]
  0x000000000670a800 JavaThread "AWT-EventQueue-0" [_thread_blocked, id=5784, stack(0x0000000008a40000,0x0000000008b40000)]
  0x0000000006709800 JavaThread "AWT-Windows" daemon [_thread_in_native, id=2780, stack(0x0000000007960000,0x0000000007a60000)]
  0x0000000006707000 JavaThread "AWT-Shutdown" [_thread_blocked, id=4644, stack(0x0000000007860000,0x0000000007960000)]
  0x00000000066ed800 JavaThread "Java2D Disposer" daemon [_thread_blocked, id=3148, stack(0x0000000007620000,0x0000000007720000)]
  0x00000000065b2000 JavaThread "Low Memory Detector" daemon [_thread_blocked, id=4188, stack(0x0000000006e20000,0x0000000006f20000)]
  0x00000000065a2800 JavaThread "CompilerThread1" daemon [_thread_blocked, id=5296, stack(0x0000000006d20000,0x0000000006e20000)]
  0x000000000659f000 JavaThread "CompilerThread0" daemon [_thread_blocked, id=1528, stack(0x0000000006c20000,0x0000000006d20000)]
  0x0000000006583000 JavaThread "JDWP Command Reader" daemon [_thread_in_native, id=5760, stack(0x0000000006b20000,0x0000000006c20000)]
  0x0000000006581800 JavaThread "JDWP Event Helper Thread" daemon [_thread_blocked, id=2192, stack(0x0000000006a20000,0x0000000006b20000)]
=>0x0000000006579800 JavaThread "JDWP Transport Listener: dt_shmem" daemon [_thread_in_vm, id=3856, stack(0x0000000006920000,0x0000000006a20000)]
  0x0000000006574000 JavaThread "Attach Listener" daemon [_thread_blocked, id=1820, stack(0x0000000006820000,0x0000000006920000)]
  0x000000000656e800 JavaThread "Signal Dispatcher" daemon [_thread_blocked, id=5472, stack(0x0000000006720000,0x0000000006820000)]
  0x00000000002c6000 JavaThread "Finalizer" daemon [_thread_blocked, id=6036, stack(0x0000000006420000,0x0000000006520000)]
  0x00000000002c5000 JavaThread "Reference Handler" daemon [_thread_blocked, id=5196, stack(0x0000000006320000,0x0000000006420000)]
  0x00000000005fc000 JavaThread "main" [_thread_blocked, id=3600, stack(0x00000000023a0000,0x00000000024a0000)]

Other Threads:
  0x00000000002be800 VMThread [stack: 0x0000000006220000,0x0000000006320000] [id=2172]
  0x00000000065bf000 WatcherThread [stack: 0x0000000006f20000,0x0000000007020000] [id=5608]

VM state:not at safepoint (normal execution)

VM Mutex/Monitor currently owned by a thread: None

Heap
 PSYoungGen      total 18752K, used 4533K [0x00000000eb200000, 0x00000000ec6e0000, 0x0000000100000000)
  eden space 16128K, 28% used [0x00000000eb200000,0x00000000eb66d718,0x00000000ec1c0000)
  from space 2624K, 0% used [0x00000000ec450000,0x00000000ec450000,0x00000000ec6e0000)
  to   space 2624K, 0% used [0x00000000ec1c0000,0x00000000ec1c0000,0x00000000ec450000)
 PSOldGen        total 42752K, used 0K [0x00000000c1600000, 0x00000000c3fc0000, 0x00000000eb200000)
  object space 42752K, 0% used [0x00000000c1600000,0x00000000c1600000,0x00000000c3fc0000)
 PSPermGen       total 21248K, used 13306K [0x00000000bc400000, 0x00000000bd8c0000, 0x00000000c1600000)
  object space 21248K, 62% used [0x00000000bc400000,0x00000000bd0fe960,0x00000000bd8c0000)

Dynamic libraries:
0x0000000000400000 - 0x000000000042e000 	C:\Program Files\Java\jdk1.6.0_24\bin\java.exe
0x00000000770c0000 - 0x000000007726a000 	C:\Windows\SYSTEM32\ntdll.dll
0x0000000076ea0000 - 0x0000000076fbf000 	C:\Windows\system32\kernel32.dll
0x000007fefd0b0000 - 0x000007fefd11a000 	C:\Windows\system32\KERNELBASE.dll
0x000007fefe8e0000 - 0x000007fefe9bb000 	C:\Windows\system32\ADVAPI32.dll
0x000007fefe220000 - 0x000007fefe2bf000 	C:\Windows\system32\msvcrt.dll
0x000007feff120000 - 0x000007feff13f000 	C:\Windows\SYSTEM32\sechost.dll
0x000007fefe650000 - 0x000007fefe77d000 	C:\Windows\system32\RPCRT4.dll
0x000000006d890000 - 0x000000006df94000 	C:\Program Files\Java\jdk1.6.0_24\jre\bin\server\jvm.dll
0x0000000076fc0000 - 0x00000000770ba000 	C:\Windows\system32\USER32.dll
0x000007fefe9c0000 - 0x000007fefea27000 	C:\Windows\system32\GDI32.dll
0x000007fefe5e0000 - 0x000007fefe5ee000 	C:\Windows\system32\LPK.dll
0x000007feff1e0000 - 0x000007feff2aa000 	C:\Windows\system32\USP10.dll
0x000007fefad80000 - 0x000007fefadbb000 	C:\Windows\system32\WINMM.dll
0x000007fefe4a0000 - 0x000007fefe4ce000 	C:\Windows\system32\IMM32.DLL
0x000007fefe4d0000 - 0x000007fefe5d9000 	C:\Windows\system32\MSCTF.dll
0x000000006d800000 - 0x000000006d80e000 	C:\Program Files\Java\jdk1.6.0_24\jre\bin\verify.dll
0x000000006d450000 - 0x000000006d477000 	C:\Program Files\Java\jdk1.6.0_24\jre\bin\java.dll
0x000000006d3b0000 - 0x000000006d3ba000 	C:\Program Files\Java\jdk1.6.0_24\jre\bin\hpi.dll
0x0000000077280000 - 0x0000000077287000 	C:\Windows\system32\PSAPI.DLL
0x000000006d4c0000 - 0x000000006d4f4000 	C:\Program Files\Java\jdk1.6.0_24\jre\bin\jdwp.dll
0x000000006d6d0000 - 0x000000006d6d8000 	C:\Program Files\Java\jdk1.6.0_24\jre\bin\npt.dll
0x000000006d850000 - 0x000000006d862000 	C:\Program Files\Java\jdk1.6.0_24\jre\bin\zip.dll
0x000000006d300000 - 0x000000006d30a000 	C:\Program Files\Java\jdk1.6.0_24\jre\bin\dt_shmem.dll
0x000000006d0a0000 - 0x000000006d263000 	C:\Program Files\Java\jdk1.6.0_24\jre\bin\awt.dll
0x000007fef9130000 - 0x000007fef91a1000 	C:\Windows\system32\WINSPOOL.DRV
0x000007fefed10000 - 0x000007fefef13000 	C:\Windows\system32\ole32.dll
0x000007fefd490000 - 0x000007fefe219000 	C:\Windows\system32\SHELL32.dll
0x000007feff350000 - 0x000007feff3c1000 	C:\Windows\system32\SHLWAPI.dll
0x000007fefb840000 - 0x000007fefba34000 	C:\Windows\WinSxS\amd64_microsoft.windows.common-controls_6595b64144ccf1df_6.0.7601.18837_none_fa3b1e3d17594757\COMCTL32.dll
0x000007fefab30000 - 0x000007fefab48000 	C:\Windows\system32\DWMAPI.DLL
0x000007fefb390000 - 0x000007fefb3e6000 	C:\Windows\system32\uxtheme.dll
0x000007fefcca0000 - 0x000007fefccaf000 	C:\Windows\system32\CRYPTBASE.dll
0x000000006d340000 - 0x000000006d3a6000 	C:\Program Files\Java\jdk1.6.0_24\jre\bin\fontmanager.dll
0x000007feee080000 - 0x000007feee27f000 	C:\Windows\system32\d3d9.dll
0x000007fefbbe0000 - 0x000007fefbbec000 	C:\Windows\system32\VERSION.dll
0x000007fef7480000 - 0x000007fef7487000 	C:\Windows\system32\d3d8thk.dll
0x000007fee51a0000 - 0x000007fee60c2000 	C:\Windows\system32\nvd3dumx.dll
0x0000000180000000 - 0x00000001801a7000 	C:\Windows\system32\nvspcap64.dll
0x000007fefe780000 - 0x000007fefe858000 	C:\Windows\system32\OLEAUT32.dll
0x000007fefe2c0000 - 0x000007fefe497000 	C:\Windows\system32\SETUPAPI.dll
0x000007fefce80000 - 0x000007fefceb6000 	C:\Windows\system32\CFGMGR32.dll
0x000007fefced0000 - 0x000007fefceea000 	C:\Windows\system32\DEVOBJ.dll
0x000007fef8df0000 - 0x000007fef8e61000 	C:\Windows\system32\WINHTTP.dll
0x000007fef8c60000 - 0x000007fef8cc4000 	C:\Windows\system32\webio.dll
0x000007fef9690000 - 0x000007fef99f8000 	C:\Windows\system32\nvapi64.dll
0x000007fefce10000 - 0x000007fefce1f000 	C:\Windows\system32\profapi.dll
0x000007fefcc10000 - 0x000007fefcc35000 	C:\Windows\system32\SspiCli.dll
0x000007fefb5d0000 - 0x000007fefb5fc000 	C:\Windows\system32\powrprof.dll
0x000007fef21c0000 - 0x000007fef2320000 	C:\Program Files (x86)\NVIDIA Corporation\3D Vision\nvSCPAPI64.dll
0x000007fefce40000 - 0x000007fefce7b000 	C:\Windows\system32\WINTRUST.dll
0x000007fefcef0000 - 0x000007fefd05d000 	C:\Windows\system32\CRYPT32.dll
0x000007fefce00000 - 0x000007fefce0f000 	C:\Windows\system32\MSASN1.dll
0x000000006d6a0000 - 0x000000006d6b7000 	C:\Program Files\Java\jdk1.6.0_24\jre\bin\net.dll
0x000007feff0d0000 - 0x000007feff11d000 	C:\Windows\system32\WS2_32.dll
0x000007fefea30000 - 0x000007fefea38000 	C:\Windows\system32\NSI.dll
0x000007fefc5e0000 - 0x000007fefc635000 	C:\Windows\system32\mswsock.dll
0x000007fefc5d0000 - 0x000007fefc5d7000 	C:\Windows\System32\wship6.dll
0x000000006d6c0000 - 0x000000006d6cb000 	C:\Program Files\Java\jdk1.6.0_24\jre\bin\nio.dll
0x000000006d2b0000 - 0x000000006d2d8000 	C:\Program Files\Java\jdk1.6.0_24\jre\bin\dcpr.dll

VM Arguments:
jvm_args: -Xdebug -Xrunjdwp:transport=dt_shmem,address=javadebug -Dfile.encoding=UTF-8 
java_command: testpackage1.DemoForm1InTestPPackage1
Launcher Type: SUN_STANDARD

Environment Variables:
PATH=C:\ProgramData\Oracle\Java\javapath;C:\Program Files (x86)\Intel\iCLS Client\;C:\Program Files\Intel\iCLS Client\;C:\Windows\system32;C:\Windows;C:\Windows\System32\Wbem;C:\Windows\System32\WindowsPowerShell\v1.0\;C:\Program Files\Intel\Intel(R) Management Engine Components\DAL;C:\Program Files (x86)\Intel\Intel(R) Management Engine Components\DAL;C:\Program Files\Intel\Intel(R) Management Engine Components\IPT;C:\Program Files (x86)\Intel\Intel(R) Management Engine Components\IPT;C:\Program Files (x86)\NVIDIA Corporation\PhysX\Common;C:\Program Files\TortoiseSVN\bin;E:\program_files\apache-maven-3.3.9-bin\apache-maven-3.3.9\bin
USERNAME=Мария
OS=Windows_NT
PROCESSOR_IDENTIFIER=Intel64 Family 6 Model 60 Stepping 3, GenuineIntel



---------------  S Y S T E M  ---------------

OS: Windows 7 Build 7601 Service Pack 1

CPU:total 4 (4 cores per cpu, 1 threads per core) family 6 model 60 stepping 3, cmov, cx8, fxsr, mmx, sse, sse2, sse3, ssse3, sse4.1, sse4.2, popcnt

Memory: 4k page, physical 4102844k(1148840k free), swap 8203828k(3294596k free)

vm_info: Java HotSpot(TM) 64-Bit Server VM (19.1-b02) for windows-amd64 JRE (1.6.0_24-b07), built on Feb  2 2011 16:25:45 by "java_re" with MS VC++ 8.0 (VS2005)

time: Tue Aug 30 17:11:47 2016
elapsed time: 23 seconds

